[4.450s] DEBUG:colcon:Command line arguments: ['/usr/bin/colcon', 'build']
[4.450s] DEBUG:colcon:Parsed command line arguments: Namespace(log_base=None, log_level=None, verb_name='build', build_base='build', install_base='install', merge_install=False, symlink_install=False, test_result_base=None, continue_on_error=False, executor='parallel', parallel_workers=4, event_handlers=None, ignore_user_meta=False, metas=['./colcon.meta'], base_paths=['.'], packages_ignore=None, packages_ignore_regex=None, paths=None, packages_up_to=None, packages_up_to_regex=None, packages_above=None, packages_above_and_dependencies=None, packages_above_depth=None, packages_select_by_dep=None, packages_skip_by_dep=None, packages_skip_up_to=None, packages_select_build_failed=False, packages_skip_build_finished=False, packages_select_test_failures=False, packages_skip_test_passed=False, packages_select=None, packages_skip=None, packages_select_regex=None, packages_skip_regex=None, packages_start=None, packages_end=None, allow_overriding=[], cmake_args=None, cmake_target=None, cmake_target_skip_unavailable=False, cmake_clean_cache=False, cmake_clean_first=False, cmake_force_configure=False, ament_cmake_args=None, catkin_cmake_args=None, catkin_skip_building_tests=False, verb_parser=<colcon_defaults.argument_parser.defaults.DefaultArgumentsDecorator object at 0xffffb9360a30>, verb_extension=<colcon_core.verb.build.BuildVerb object at 0xffffb96e0ca0>, main=<bound method BuildVerb.main of <colcon_core.verb.build.BuildVerb object at 0xffffb96e0ca0>>)
[4.648s] Level 1:colcon.colcon_core.package_discovery:discover_packages(colcon_meta) check parameters
[4.649s] Level 1:colcon.colcon_core.package_discovery:discover_packages(recursive) check parameters
[4.649s] Level 1:colcon.colcon_core.package_discovery:discover_packages(ignore) check parameters
[4.649s] Level 1:colcon.colcon_core.package_discovery:discover_packages(path) check parameters
[4.649s] Level 1:colcon.colcon_core.package_discovery:discover_packages(colcon_meta) discover
[4.649s] Level 1:colcon.colcon_core.package_discovery:discover_packages(recursive) discover
[4.650s] INFO:colcon.colcon_core.package_discovery:Crawling recursively for packages in '/home/pi/Desktop/eurobot_2024/ros2_ws'
[4.650s] Level 1:colcon.colcon_core.package_identification:_identify(.) by extensions ['ignore', 'ignore_ament_install']
[4.650s] Level 1:colcon.colcon_core.package_identification:_identify(.) by extension 'ignore'
[4.651s] Level 1:colcon.colcon_core.package_identification:_identify(.) by extension 'ignore_ament_install'
[4.651s] Level 1:colcon.colcon_core.package_identification:_identify(.) by extensions ['colcon_pkg']
[4.651s] Level 1:colcon.colcon_core.package_identification:_identify(.) by extension 'colcon_pkg'
[4.652s] Level 1:colcon.colcon_core.package_identification:_identify(.) by extensions ['colcon_meta']
[4.652s] Level 1:colcon.colcon_core.package_identification:_identify(.) by extension 'colcon_meta'
[4.652s] Level 1:colcon.colcon_core.package_identification:_identify(.) by extensions ['ros']
[4.652s] Level 1:colcon.colcon_core.package_identification:_identify(.) by extension 'ros'
[4.698s] Level 1:colcon.colcon_core.package_identification:_identify(.) by extensions ['cmake', 'python']
[4.699s] Level 1:colcon.colcon_core.package_identification:_identify(.) by extension 'cmake'
[4.699s] Level 1:colcon.colcon_core.package_identification:_identify(.) by extension 'python'
[4.699s] Level 1:colcon.colcon_core.package_identification:_identify(.) by extensions ['python_setup_py']
[4.699s] Level 1:colcon.colcon_core.package_identification:_identify(.) by extension 'python_setup_py'
[4.700s] Level 1:colcon.colcon_core.package_identification:_identify(build) by extensions ['ignore', 'ignore_ament_install']
[4.700s] Level 1:colcon.colcon_core.package_identification:_identify(build) by extension 'ignore'
[4.700s] Level 1:colcon.colcon_core.package_identification:_identify(build) ignored
[4.701s] Level 1:colcon.colcon_core.package_identification:_identify(install) by extensions ['ignore', 'ignore_ament_install']
[4.702s] Level 1:colcon.colcon_core.package_identification:_identify(install) by extension 'ignore'
[4.702s] Level 1:colcon.colcon_core.package_identification:_identify(install) ignored
[4.702s] Level 1:colcon.colcon_core.package_identification:_identify(log) by extensions ['ignore', 'ignore_ament_install']
[4.703s] Level 1:colcon.colcon_core.package_identification:_identify(log) by extension 'ignore'
[4.703s] Level 1:colcon.colcon_core.package_identification:_identify(log) ignored
[4.703s] Level 1:colcon.colcon_core.package_identification:_identify(src) by extensions ['ignore', 'ignore_ament_install']
[4.704s] Level 1:colcon.colcon_core.package_identification:_identify(src) by extension 'ignore'
[4.704s] Level 1:colcon.colcon_core.package_identification:_identify(src) by extension 'ignore_ament_install'
[4.704s] Level 1:colcon.colcon_core.package_identification:_identify(src) by extensions ['colcon_pkg']
[4.704s] Level 1:colcon.colcon_core.package_identification:_identify(src) by extension 'colcon_pkg'
[4.704s] Level 1:colcon.colcon_core.package_identification:_identify(src) by extensions ['colcon_meta']
[4.705s] Level 1:colcon.colcon_core.package_identification:_identify(src) by extension 'colcon_meta'
[4.705s] Level 1:colcon.colcon_core.package_identification:_identify(src) by extensions ['ros']
[4.705s] Level 1:colcon.colcon_core.package_identification:_identify(src) by extension 'ros'
[4.705s] Level 1:colcon.colcon_core.package_identification:_identify(src) by extensions ['cmake', 'python']
[4.705s] Level 1:colcon.colcon_core.package_identification:_identify(src) by extension 'cmake'
[4.706s] Level 1:colcon.colcon_core.package_identification:_identify(src) by extension 'python'
[4.706s] Level 1:colcon.colcon_core.package_identification:_identify(src) by extensions ['python_setup_py']
[4.706s] Level 1:colcon.colcon_core.package_identification:_identify(src) by extension 'python_setup_py'
[4.706s] Level 1:colcon.colcon_core.package_identification:_identify(src/eye) by extensions ['ignore', 'ignore_ament_install']
[4.707s] Level 1:colcon.colcon_core.package_identification:_identify(src/eye) by extension 'ignore'
[4.707s] Level 1:colcon.colcon_core.package_identification:_identify(src/eye) by extension 'ignore_ament_install'
[4.707s] Level 1:colcon.colcon_core.package_identification:_identify(src/eye) by extensions ['colcon_pkg']
[4.707s] Level 1:colcon.colcon_core.package_identification:_identify(src/eye) by extension 'colcon_pkg'
[4.708s] Level 1:colcon.colcon_core.package_identification:_identify(src/eye) by extensions ['colcon_meta']
[4.708s] Level 1:colcon.colcon_core.package_identification:_identify(src/eye) by extension 'colcon_meta'
[4.708s] Level 1:colcon.colcon_core.package_identification:_identify(src/eye) by extensions ['ros']
[4.708s] Level 1:colcon.colcon_core.package_identification:_identify(src/eye) by extension 'ros'
[4.717s] DEBUG:colcon.colcon_core.package_identification:Package 'src/eye' with type 'ros.ament_python' and name 'eye'
[4.718s] Level 1:colcon.colcon_core.package_identification:_identify(src/tank) by extensions ['ignore', 'ignore_ament_install']
[4.718s] Level 1:colcon.colcon_core.package_identification:_identify(src/tank) by extension 'ignore'
[4.718s] Level 1:colcon.colcon_core.package_identification:_identify(src/tank) by extension 'ignore_ament_install'
[4.718s] Level 1:colcon.colcon_core.package_identification:_identify(src/tank) by extensions ['colcon_pkg']
[4.719s] Level 1:colcon.colcon_core.package_identification:_identify(src/tank) by extension 'colcon_pkg'
[4.719s] Level 1:colcon.colcon_core.package_identification:_identify(src/tank) by extensions ['colcon_meta']
[4.719s] Level 1:colcon.colcon_core.package_identification:_identify(src/tank) by extension 'colcon_meta'
[4.719s] Level 1:colcon.colcon_core.package_identification:_identify(src/tank) by extensions ['ros']
[4.719s] Level 1:colcon.colcon_core.package_identification:_identify(src/tank) by extension 'ros'
[4.721s] DEBUG:colcon.colcon_core.package_identification:Package 'src/tank' with type 'ros.ament_python' and name 'tank'
[4.722s] Level 1:colcon.colcon_core.package_discovery:discover_packages(recursive) using defaults
[4.722s] Level 1:colcon.colcon_core.package_discovery:discover_packages(ignore) discover
[4.722s] Level 1:colcon.colcon_core.package_discovery:discover_packages(ignore) using defaults
[4.722s] Level 1:colcon.colcon_core.package_discovery:discover_packages(path) discover
[4.722s] Level 1:colcon.colcon_core.package_discovery:discover_packages(path) using defaults
[5.102s] Level 1:colcon.colcon_core.package_discovery:discover_packages(prefix_path) check parameters
[5.103s] Level 1:colcon.colcon_core.package_discovery:discover_packages(prefix_path) discover
[5.231s] DEBUG:colcon.colcon_installed_package_information.package_discovery:Found 1 installed packages in /home/pi/Desktop/eurobot_2024/ros2_ws/install
[5.305s] DEBUG:colcon.colcon_installed_package_information.package_discovery:Found 284 installed packages in /opt/ros/humble
[5.311s] Level 1:colcon.colcon_core.package_discovery:discover_packages(prefix_path) using defaults
[5.720s] Level 5:colcon.colcon_core.verb:set package 'eye' build argument 'cmake_args' from command line to 'None'
[5.720s] Level 5:colcon.colcon_core.verb:set package 'eye' build argument 'cmake_target' from command line to 'None'
[5.720s] Level 5:colcon.colcon_core.verb:set package 'eye' build argument 'cmake_target_skip_unavailable' from command line to 'False'
[5.720s] Level 5:colcon.colcon_core.verb:set package 'eye' build argument 'cmake_clean_cache' from command line to 'False'
[5.721s] Level 5:colcon.colcon_core.verb:set package 'eye' build argument 'cmake_clean_first' from command line to 'False'
[5.721s] Level 5:colcon.colcon_core.verb:set package 'eye' build argument 'cmake_force_configure' from command line to 'False'
[5.721s] Level 5:colcon.colcon_core.verb:set package 'eye' build argument 'ament_cmake_args' from command line to 'None'
[5.721s] Level 5:colcon.colcon_core.verb:set package 'eye' build argument 'catkin_cmake_args' from command line to 'None'
[5.721s] Level 5:colcon.colcon_core.verb:set package 'eye' build argument 'catkin_skip_building_tests' from command line to 'False'
[5.721s] DEBUG:colcon.colcon_core.verb:Building package 'eye' with the following arguments: {'ament_cmake_args': None, 'build_base': '/home/pi/Desktop/eurobot_2024/ros2_ws/build/eye', 'catkin_cmake_args': None, 'catkin_skip_building_tests': False, 'cmake_args': None, 'cmake_clean_cache': False, 'cmake_clean_first': False, 'cmake_force_configure': False, 'cmake_target': None, 'cmake_target_skip_unavailable': False, 'install_base': '/home/pi/Desktop/eurobot_2024/ros2_ws/install/eye', 'merge_install': False, 'path': '/home/pi/Desktop/eurobot_2024/ros2_ws/src/eye', 'symlink_install': False, 'test_result_base': None}
[5.783s] Level 5:colcon.colcon_core.verb:set package 'tank' build argument 'cmake_args' from command line to 'None'
[5.783s] Level 5:colcon.colcon_core.verb:set package 'tank' build argument 'cmake_target' from command line to 'None'
[5.783s] Level 5:colcon.colcon_core.verb:set package 'tank' build argument 'cmake_target_skip_unavailable' from command line to 'False'
[5.783s] Level 5:colcon.colcon_core.verb:set package 'tank' build argument 'cmake_clean_cache' from command line to 'False'
[5.783s] Level 5:colcon.colcon_core.verb:set package 'tank' build argument 'cmake_clean_first' from command line to 'False'
[5.783s] Level 5:colcon.colcon_core.verb:set package 'tank' build argument 'cmake_force_configure' from command line to 'False'
[5.784s] Level 5:colcon.colcon_core.verb:set package 'tank' build argument 'ament_cmake_args' from command line to 'None'
[5.784s] Level 5:colcon.colcon_core.verb:set package 'tank' build argument 'catkin_cmake_args' from command line to 'None'
[5.784s] Level 5:colcon.colcon_core.verb:set package 'tank' build argument 'catkin_skip_building_tests' from command line to 'False'
[5.784s] DEBUG:colcon.colcon_core.verb:Building package 'tank' with the following arguments: {'ament_cmake_args': None, 'build_base': '/home/pi/Desktop/eurobot_2024/ros2_ws/build/tank', 'catkin_cmake_args': None, 'catkin_skip_building_tests': False, 'cmake_args': None, 'cmake_clean_cache': False, 'cmake_clean_first': False, 'cmake_force_configure': False, 'cmake_target': None, 'cmake_target_skip_unavailable': False, 'install_base': '/home/pi/Desktop/eurobot_2024/ros2_ws/install/tank', 'merge_install': False, 'path': '/home/pi/Desktop/eurobot_2024/ros2_ws/src/tank', 'symlink_install': False, 'test_result_base': None}
[5.845s] INFO:colcon.colcon_core.executor:Executing jobs using 'parallel' executor
[5.912s] DEBUG:colcon.colcon_parallel_executor.executor.parallel:run_until_complete
[5.913s] INFO:colcon.colcon_ros.task.ament_python.build:Building ROS package in '/home/pi/Desktop/eurobot_2024/ros2_ws/src/eye' with build type 'ament_python'
[5.913s] Level 1:colcon.colcon_core.shell:create_environment_hook('eye', 'ament_prefix_path')
[5.989s] INFO:colcon.colcon_core.plugin_system:Skipping extension 'colcon_core.shell.bat': Not used on non-Windows systems
[5.990s] INFO:colcon.colcon_core.shell:Creating environment hook '/home/pi/Desktop/eurobot_2024/ros2_ws/install/eye/share/eye/hook/ament_prefix_path.ps1'
[5.993s] INFO:colcon.colcon_core.shell:Creating environment descriptor '/home/pi/Desktop/eurobot_2024/ros2_ws/install/eye/share/eye/hook/ament_prefix_path.dsv'
[5.996s] INFO:colcon.colcon_core.shell:Creating environment hook '/home/pi/Desktop/eurobot_2024/ros2_ws/install/eye/share/eye/hook/ament_prefix_path.sh'
[6.064s] INFO:colcon.colcon_core.shell:Skip shell extension 'powershell' for command environment: Not usable outside of PowerShell
[6.065s] DEBUG:colcon.colcon_core.shell:Skip shell extension 'dsv' for command environment
[6.276s] INFO:colcon.colcon_ros.task.ament_python.build:Building ROS package in '/home/pi/Desktop/eurobot_2024/ros2_ws/src/tank' with build type 'ament_python'
[6.277s] Level 1:colcon.colcon_core.shell:create_environment_hook('tank', 'ament_prefix_path')
[6.348s] INFO:colcon.colcon_core.shell:Creating environment hook '/home/pi/Desktop/eurobot_2024/ros2_ws/install/tank/share/tank/hook/ament_prefix_path.ps1'
[6.351s] INFO:colcon.colcon_core.shell:Creating environment descriptor '/home/pi/Desktop/eurobot_2024/ros2_ws/install/tank/share/tank/hook/ament_prefix_path.dsv'
[6.353s] INFO:colcon.colcon_core.shell:Creating environment hook '/home/pi/Desktop/eurobot_2024/ros2_ws/install/tank/share/tank/hook/ament_prefix_path.sh'
[6.419s] INFO:colcon.colcon_core.shell:Skip shell extension 'powershell' for command environment: Not usable outside of PowerShell
[6.420s] DEBUG:colcon.colcon_core.shell:Skip shell extension 'dsv' for command environment
[7.869s] INFO:colcon.colcon_core.task.python.build:Building Python package in '/home/pi/Desktop/eurobot_2024/ros2_ws/src/eye'
[7.937s] INFO:colcon.colcon_core.shell:Skip shell extension 'powershell' for command environment: Not usable outside of PowerShell
[7.937s] DEBUG:colcon.colcon_core.shell:Skip shell extension 'dsv' for command environment
[9.406s] INFO:colcon.colcon_core.task.python.build:Building Python package in '/home/pi/Desktop/eurobot_2024/ros2_ws/src/tank'
[9.476s] INFO:colcon.colcon_core.shell:Skip shell extension 'powershell' for command environment: Not usable outside of PowerShell
[9.476s] DEBUG:colcon.colcon_core.shell:Skip shell extension 'dsv' for command environment
[11.548s] DEBUG:colcon.colcon_core.event_handler.log_command:Invoking command in '/home/pi/Desktop/eurobot_2024/ros2_ws/src/tank': PYTHONPATH=/home/pi/Desktop/eurobot_2024/ros2_ws/build/tank/prefix_override:/home/pi/Desktop/eurobot_2024/ros2_ws/install/tank/lib/python3.10/site-packages:${PYTHONPATH} /usr/bin/python3 setup.py egg_info --egg-base ../../build/tank build --build-base /home/pi/Desktop/eurobot_2024/ros2_ws/build/tank/build install --record /home/pi/Desktop/eurobot_2024/ros2_ws/build/tank/install.log --single-version-externally-managed
[11.562s] DEBUG:colcon.colcon_core.event_handler.log_command:Invoking command in '/home/pi/Desktop/eurobot_2024/ros2_ws/src/eye': PYTHONPATH=/home/pi/Desktop/eurobot_2024/ros2_ws/build/eye/prefix_override:/home/pi/Desktop/eurobot_2024/ros2_ws/install/eye/lib/python3.10/site-packages:${PYTHONPATH} /usr/bin/python3 setup.py egg_info --egg-base ../../build/eye build --build-base /home/pi/Desktop/eurobot_2024/ros2_ws/build/eye/build install --record /home/pi/Desktop/eurobot_2024/ros2_ws/build/eye/install.log --single-version-externally-managed
[13.273s] DEBUG:colcon.colcon_core.event_handler.log_command:Invoked command in '/home/pi/Desktop/eurobot_2024/ros2_ws/src/tank' returned '0': PYTHONPATH=/home/pi/Desktop/eurobot_2024/ros2_ws/build/tank/prefix_override:/home/pi/Desktop/eurobot_2024/ros2_ws/install/tank/lib/python3.10/site-packages:${PYTHONPATH} /usr/bin/python3 setup.py egg_info --egg-base ../../build/tank build --build-base /home/pi/Desktop/eurobot_2024/ros2_ws/build/tank/build install --record /home/pi/Desktop/eurobot_2024/ros2_ws/build/tank/install.log --single-version-externally-managed
[13.379s] Level 1:colcon.colcon_core.environment:checking '/home/pi/Desktop/eurobot_2024/ros2_ws/install/tank' for CMake module files
[13.381s] Level 1:colcon.colcon_core.environment:checking '/home/pi/Desktop/eurobot_2024/ros2_ws/install/tank' for CMake config files
[13.384s] Level 1:colcon.colcon_core.environment:checking '/home/pi/Desktop/eurobot_2024/ros2_ws/install/tank/lib'
[13.385s] Level 1:colcon.colcon_core.environment:checking '/home/pi/Desktop/eurobot_2024/ros2_ws/install/tank/bin'
[13.385s] Level 1:colcon.colcon_core.environment:checking '/home/pi/Desktop/eurobot_2024/ros2_ws/install/tank/lib/pkgconfig/tank.pc'
[13.386s] Level 1:colcon.colcon_core.environment:checking '/home/pi/Desktop/eurobot_2024/ros2_ws/install/tank/lib/python3.10/site-packages'
[13.387s] Level 1:colcon.colcon_core.shell:create_environment_hook('tank', 'pythonpath')
[13.454s] INFO:colcon.colcon_core.shell:Creating environment hook '/home/pi/Desktop/eurobot_2024/ros2_ws/install/tank/share/tank/hook/pythonpath.ps1'
[13.456s] INFO:colcon.colcon_core.shell:Creating environment descriptor '/home/pi/Desktop/eurobot_2024/ros2_ws/install/tank/share/tank/hook/pythonpath.dsv'
[13.458s] INFO:colcon.colcon_core.shell:Creating environment hook '/home/pi/Desktop/eurobot_2024/ros2_ws/install/tank/share/tank/hook/pythonpath.sh'
[13.461s] Level 1:colcon.colcon_core.environment:checking '/home/pi/Desktop/eurobot_2024/ros2_ws/install/tank/bin'
[13.461s] Level 1:colcon.colcon_core.environment:create_environment_scripts_only(tank)
[13.527s] INFO:colcon.colcon_core.shell:Creating package script '/home/pi/Desktop/eurobot_2024/ros2_ws/install/tank/share/tank/package.ps1'
[13.531s] INFO:colcon.colcon_core.shell:Creating package descriptor '/home/pi/Desktop/eurobot_2024/ros2_ws/install/tank/share/tank/package.dsv'
[13.534s] INFO:colcon.colcon_core.shell:Creating package script '/home/pi/Desktop/eurobot_2024/ros2_ws/install/tank/share/tank/package.sh'
[13.538s] INFO:colcon.colcon_core.shell:Creating package script '/home/pi/Desktop/eurobot_2024/ros2_ws/install/tank/share/tank/package.bash'
[13.541s] INFO:colcon.colcon_core.shell:Creating package script '/home/pi/Desktop/eurobot_2024/ros2_ws/install/tank/share/tank/package.zsh'
[13.544s] Level 1:colcon.colcon_core.environment:create_file_with_runtime_dependencies(/home/pi/Desktop/eurobot_2024/ros2_ws/install/tank/share/colcon-core/packages/tank)
[13.551s] DEBUG:colcon.colcon_core.event_handler.log_command:Invoked command in '/home/pi/Desktop/eurobot_2024/ros2_ws/src/eye' returned '0': PYTHONPATH=/home/pi/Desktop/eurobot_2024/ros2_ws/build/eye/prefix_override:/home/pi/Desktop/eurobot_2024/ros2_ws/install/eye/lib/python3.10/site-packages:${PYTHONPATH} /usr/bin/python3 setup.py egg_info --egg-base ../../build/eye build --build-base /home/pi/Desktop/eurobot_2024/ros2_ws/build/eye/build install --record /home/pi/Desktop/eurobot_2024/ros2_ws/build/eye/install.log --single-version-externally-managed
[13.618s] Level 1:colcon.colcon_core.environment:checking '/home/pi/Desktop/eurobot_2024/ros2_ws/install/eye' for CMake module files
[13.620s] Level 1:colcon.colcon_core.environment:checking '/home/pi/Desktop/eurobot_2024/ros2_ws/install/eye' for CMake config files
[13.623s] Level 1:colcon.colcon_core.environment:checking '/home/pi/Desktop/eurobot_2024/ros2_ws/install/eye/lib'
[13.623s] Level 1:colcon.colcon_core.environment:checking '/home/pi/Desktop/eurobot_2024/ros2_ws/install/eye/bin'
[13.624s] Level 1:colcon.colcon_core.environment:checking '/home/pi/Desktop/eurobot_2024/ros2_ws/install/eye/lib/pkgconfig/eye.pc'
[13.625s] Level 1:colcon.colcon_core.environment:checking '/home/pi/Desktop/eurobot_2024/ros2_ws/install/eye/lib/python3.10/site-packages'
[13.625s] Level 1:colcon.colcon_core.shell:create_environment_hook('eye', 'pythonpath')
[13.692s] INFO:colcon.colcon_core.shell:Creating environment hook '/home/pi/Desktop/eurobot_2024/ros2_ws/install/eye/share/eye/hook/pythonpath.ps1'
[13.694s] INFO:colcon.colcon_core.shell:Creating environment descriptor '/home/pi/Desktop/eurobot_2024/ros2_ws/install/eye/share/eye/hook/pythonpath.dsv'
[13.695s] INFO:colcon.colcon_core.shell:Creating environment hook '/home/pi/Desktop/eurobot_2024/ros2_ws/install/eye/share/eye/hook/pythonpath.sh'
[13.698s] Level 1:colcon.colcon_core.environment:checking '/home/pi/Desktop/eurobot_2024/ros2_ws/install/eye/bin'
[13.698s] Level 1:colcon.colcon_core.environment:create_environment_scripts_only(eye)
[13.763s] INFO:colcon.colcon_core.shell:Creating package script '/home/pi/Desktop/eurobot_2024/ros2_ws/install/eye/share/eye/package.ps1'
[13.765s] INFO:colcon.colcon_core.shell:Creating package descriptor '/home/pi/Desktop/eurobot_2024/ros2_ws/install/eye/share/eye/package.dsv'
[13.767s] INFO:colcon.colcon_core.shell:Creating package script '/home/pi/Desktop/eurobot_2024/ros2_ws/install/eye/share/eye/package.sh'
[13.769s] INFO:colcon.colcon_core.shell:Creating package script '/home/pi/Desktop/eurobot_2024/ros2_ws/install/eye/share/eye/package.bash'
[13.770s] INFO:colcon.colcon_core.shell:Creating package script '/home/pi/Desktop/eurobot_2024/ros2_ws/install/eye/share/eye/package.zsh'
[13.772s] Level 1:colcon.colcon_core.environment:create_file_with_runtime_dependencies(/home/pi/Desktop/eurobot_2024/ros2_ws/install/eye/share/colcon-core/packages/eye)
[13.773s] DEBUG:colcon.colcon_parallel_executor.executor.parallel:closing loop
[13.774s] DEBUG:colcon.colcon_parallel_executor.executor.parallel:loop closed
[13.775s] DEBUG:colcon.colcon_parallel_executor.executor.parallel:run_until_complete finished with '0'
[13.775s] DEBUG:colcon.colcon_core.event_reactor:joining thread
[13.864s] INFO:colcon.colcon_core.plugin_system:Skipping extension 'colcon_notification.desktop_notification.terminal_notifier': Not used on non-Darwin systems
[13.864s] INFO:colcon.colcon_core.plugin_system:Skipping extension 'colcon_notification.desktop_notification.win32': Not used on non-Windows systems
[13.865s] INFO:colcon.colcon_notification.desktop_notification:Sending desktop notification using 'notify2'
[13.870s] DEBUG:colcon.colcon_notification.desktop_notification.notify2:Failed to initialize notify2: org.freedesktop.DBus.Error.ServiceUnknown: The name org.freedesktop.Notifications was not provided by any .service files
[13.870s] DEBUG:colcon.colcon_core.event_reactor:joined thread
[13.937s] INFO:colcon.colcon_core.shell:Creating prefix script '/home/pi/Desktop/eurobot_2024/ros2_ws/install/local_setup.ps1'
[13.940s] INFO:colcon.colcon_core.shell:Creating prefix util module '/home/pi/Desktop/eurobot_2024/ros2_ws/install/_local_setup_util_ps1.py'
[13.946s] INFO:colcon.colcon_core.shell:Creating prefix chain script '/home/pi/Desktop/eurobot_2024/ros2_ws/install/setup.ps1'
[14.012s] INFO:colcon.colcon_core.shell:Creating prefix script '/home/pi/Desktop/eurobot_2024/ros2_ws/install/local_setup.sh'
[14.015s] INFO:colcon.colcon_core.shell:Creating prefix util module '/home/pi/Desktop/eurobot_2024/ros2_ws/install/_local_setup_util_sh.py'
[14.017s] INFO:colcon.colcon_core.shell:Creating prefix chain script '/home/pi/Desktop/eurobot_2024/ros2_ws/install/setup.sh'
[14.085s] INFO:colcon.colcon_core.shell:Creating prefix script '/home/pi/Desktop/eurobot_2024/ros2_ws/install/local_setup.bash'
[14.088s] INFO:colcon.colcon_core.shell:Creating prefix chain script '/home/pi/Desktop/eurobot_2024/ros2_ws/install/setup.bash'
[14.153s] INFO:colcon.colcon_core.shell:Creating prefix script '/home/pi/Desktop/eurobot_2024/ros2_ws/install/local_setup.zsh'
[14.155s] INFO:colcon.colcon_core.shell:Creating prefix chain script '/home/pi/Desktop/eurobot_2024/ros2_ws/install/setup.zsh'
