[5.520s] DEBUG:colcon:Command line arguments: ['/usr/bin/colcon', 'build']
[5.520s] DEBUG:colcon:Parsed command line arguments: Namespace(log_base=None, log_level=None, verb_name='build', build_base='build', install_base='install', merge_install=False, symlink_install=False, test_result_base=None, continue_on_error=False, executor='parallel', parallel_workers=4, event_handlers=None, ignore_user_meta=False, metas=['./colcon.meta'], base_paths=['.'], packages_ignore=None, packages_ignore_regex=None, paths=None, packages_up_to=None, packages_up_to_regex=None, packages_above=None, packages_above_and_dependencies=None, packages_above_depth=None, packages_select_by_dep=None, packages_skip_by_dep=None, packages_skip_up_to=None, packages_select_build_failed=False, packages_skip_build_finished=False, packages_select_test_failures=False, packages_skip_test_passed=False, packages_select=None, packages_skip=None, packages_select_regex=None, packages_skip_regex=None, packages_start=None, packages_end=None, allow_overriding=[], cmake_args=None, cmake_target=None, cmake_target_skip_unavailable=False, cmake_clean_cache=False, cmake_clean_first=False, cmake_force_configure=False, ament_cmake_args=None, catkin_cmake_args=None, catkin_skip_building_tests=False, verb_parser=<colcon_defaults.argument_parser.defaults.DefaultArgumentsDecorator object at 0xffff95523f70>, verb_extension=<colcon_core.verb.build.BuildVerb object at 0xffff958a0c40>, main=<bound method BuildVerb.main of <colcon_core.verb.build.BuildVerb object at 0xffff958a0c40>>)
[5.826s] Level 1:colcon.colcon_core.package_discovery:discover_packages(colcon_meta) check parameters
[5.827s] Level 1:colcon.colcon_core.package_discovery:discover_packages(recursive) check parameters
[5.827s] Level 1:colcon.colcon_core.package_discovery:discover_packages(ignore) check parameters
[5.827s] Level 1:colcon.colcon_core.package_discovery:discover_packages(path) check parameters
[5.827s] Level 1:colcon.colcon_core.package_discovery:discover_packages(colcon_meta) discover
[5.828s] Level 1:colcon.colcon_core.package_discovery:discover_packages(recursive) discover
[5.828s] INFO:colcon.colcon_core.package_discovery:Crawling recursively for packages in '/home/pi/Desktop/eurobot_2024/ros2_ws'
[5.828s] Level 1:colcon.colcon_core.package_identification:_identify(.) by extensions ['ignore', 'ignore_ament_install']
[5.829s] Level 1:colcon.colcon_core.package_identification:_identify(.) by extension 'ignore'
[5.829s] Level 1:colcon.colcon_core.package_identification:_identify(.) by extension 'ignore_ament_install'
[5.829s] Level 1:colcon.colcon_core.package_identification:_identify(.) by extensions ['colcon_pkg']
[5.829s] Level 1:colcon.colcon_core.package_identification:_identify(.) by extension 'colcon_pkg'
[5.830s] Level 1:colcon.colcon_core.package_identification:_identify(.) by extensions ['colcon_meta']
[5.830s] Level 1:colcon.colcon_core.package_identification:_identify(.) by extension 'colcon_meta'
[5.830s] Level 1:colcon.colcon_core.package_identification:_identify(.) by extensions ['ros']
[5.830s] Level 1:colcon.colcon_core.package_identification:_identify(.) by extension 'ros'
[5.894s] Level 1:colcon.colcon_core.package_identification:_identify(.) by extensions ['cmake', 'python']
[5.895s] Level 1:colcon.colcon_core.package_identification:_identify(.) by extension 'cmake'
[5.895s] Level 1:colcon.colcon_core.package_identification:_identify(.) by extension 'python'
[5.895s] Level 1:colcon.colcon_core.package_identification:_identify(.) by extensions ['python_setup_py']
[5.895s] Level 1:colcon.colcon_core.package_identification:_identify(.) by extension 'python_setup_py'
[5.896s] Level 1:colcon.colcon_core.package_identification:_identify(build) by extensions ['ignore', 'ignore_ament_install']
[5.896s] Level 1:colcon.colcon_core.package_identification:_identify(build) by extension 'ignore'
[5.896s] Level 1:colcon.colcon_core.package_identification:_identify(build) ignored
[5.897s] Level 1:colcon.colcon_core.package_identification:_identify(install) by extensions ['ignore', 'ignore_ament_install']
[5.897s] Level 1:colcon.colcon_core.package_identification:_identify(install) by extension 'ignore'
[5.897s] Level 1:colcon.colcon_core.package_identification:_identify(install) ignored
[5.898s] Level 1:colcon.colcon_core.package_identification:_identify(log) by extensions ['ignore', 'ignore_ament_install']
[5.898s] Level 1:colcon.colcon_core.package_identification:_identify(log) by extension 'ignore'
[5.898s] Level 1:colcon.colcon_core.package_identification:_identify(log) ignored
[5.900s] Level 1:colcon.colcon_core.package_identification:_identify(src) by extensions ['ignore', 'ignore_ament_install']
[5.900s] Level 1:colcon.colcon_core.package_identification:_identify(src) by extension 'ignore'
[5.900s] Level 1:colcon.colcon_core.package_identification:_identify(src) by extension 'ignore_ament_install'
[5.901s] Level 1:colcon.colcon_core.package_identification:_identify(src) by extensions ['colcon_pkg']
[5.901s] Level 1:colcon.colcon_core.package_identification:_identify(src) by extension 'colcon_pkg'
[5.901s] Level 1:colcon.colcon_core.package_identification:_identify(src) by extensions ['colcon_meta']
[5.901s] Level 1:colcon.colcon_core.package_identification:_identify(src) by extension 'colcon_meta'
[5.901s] Level 1:colcon.colcon_core.package_identification:_identify(src) by extensions ['ros']
[5.901s] Level 1:colcon.colcon_core.package_identification:_identify(src) by extension 'ros'
[5.902s] Level 1:colcon.colcon_core.package_identification:_identify(src) by extensions ['cmake', 'python']
[5.902s] Level 1:colcon.colcon_core.package_identification:_identify(src) by extension 'cmake'
[5.902s] Level 1:colcon.colcon_core.package_identification:_identify(src) by extension 'python'
[5.902s] Level 1:colcon.colcon_core.package_identification:_identify(src) by extensions ['python_setup_py']
[5.902s] Level 1:colcon.colcon_core.package_identification:_identify(src) by extension 'python_setup_py'
[5.903s] Level 1:colcon.colcon_core.package_identification:_identify(src/tank) by extensions ['ignore', 'ignore_ament_install']
[5.904s] Level 1:colcon.colcon_core.package_identification:_identify(src/tank) by extension 'ignore'
[5.904s] Level 1:colcon.colcon_core.package_identification:_identify(src/tank) by extension 'ignore_ament_install'
[5.904s] Level 1:colcon.colcon_core.package_identification:_identify(src/tank) by extensions ['colcon_pkg']
[5.905s] Level 1:colcon.colcon_core.package_identification:_identify(src/tank) by extension 'colcon_pkg'
[5.905s] Level 1:colcon.colcon_core.package_identification:_identify(src/tank) by extensions ['colcon_meta']
[5.905s] Level 1:colcon.colcon_core.package_identification:_identify(src/tank) by extension 'colcon_meta'
[5.905s] Level 1:colcon.colcon_core.package_identification:_identify(src/tank) by extensions ['ros']
[5.905s] Level 1:colcon.colcon_core.package_identification:_identify(src/tank) by extension 'ros'
[5.917s] DEBUG:colcon.colcon_core.package_identification:Package 'src/tank' with type 'ros.ament_python' and name 'tank'
[5.917s] Level 1:colcon.colcon_core.package_discovery:discover_packages(recursive) using defaults
[5.917s] Level 1:colcon.colcon_core.package_discovery:discover_packages(ignore) discover
[5.917s] Level 1:colcon.colcon_core.package_discovery:discover_packages(ignore) using defaults
[5.917s] Level 1:colcon.colcon_core.package_discovery:discover_packages(path) discover
[5.917s] Level 1:colcon.colcon_core.package_discovery:discover_packages(path) using defaults
[6.371s] Level 1:colcon.colcon_core.package_discovery:discover_packages(prefix_path) check parameters
[6.371s] Level 1:colcon.colcon_core.package_discovery:discover_packages(prefix_path) discover
[6.512s] DEBUG:colcon.colcon_installed_package_information.package_discovery:Found 1 installed packages in /home/pi/Desktop/eurobot_2024/ros2_ws/install
[6.584s] DEBUG:colcon.colcon_installed_package_information.package_discovery:Found 284 installed packages in /opt/ros/humble
[6.590s] Level 1:colcon.colcon_core.package_discovery:discover_packages(prefix_path) using defaults
[7.029s] Level 5:colcon.colcon_core.verb:set package 'tank' build argument 'cmake_args' from command line to 'None'
[7.029s] Level 5:colcon.colcon_core.verb:set package 'tank' build argument 'cmake_target' from command line to 'None'
[7.029s] Level 5:colcon.colcon_core.verb:set package 'tank' build argument 'cmake_target_skip_unavailable' from command line to 'False'
[7.029s] Level 5:colcon.colcon_core.verb:set package 'tank' build argument 'cmake_clean_cache' from command line to 'False'
[7.030s] Level 5:colcon.colcon_core.verb:set package 'tank' build argument 'cmake_clean_first' from command line to 'False'
[7.030s] Level 5:colcon.colcon_core.verb:set package 'tank' build argument 'cmake_force_configure' from command line to 'False'
[7.030s] Level 5:colcon.colcon_core.verb:set package 'tank' build argument 'ament_cmake_args' from command line to 'None'
[7.030s] Level 5:colcon.colcon_core.verb:set package 'tank' build argument 'catkin_cmake_args' from command line to 'None'
[7.030s] Level 5:colcon.colcon_core.verb:set package 'tank' build argument 'catkin_skip_building_tests' from command line to 'False'
[7.030s] DEBUG:colcon.colcon_core.verb:Building package 'tank' with the following arguments: {'ament_cmake_args': None, 'build_base': '/home/pi/Desktop/eurobot_2024/ros2_ws/build/tank', 'catkin_cmake_args': None, 'catkin_skip_building_tests': False, 'cmake_args': None, 'cmake_clean_cache': False, 'cmake_clean_first': False, 'cmake_force_configure': False, 'cmake_target': None, 'cmake_target_skip_unavailable': False, 'install_base': '/home/pi/Desktop/eurobot_2024/ros2_ws/install/tank', 'merge_install': False, 'path': '/home/pi/Desktop/eurobot_2024/ros2_ws/src/tank', 'symlink_install': False, 'test_result_base': None}
[7.095s] INFO:colcon.colcon_core.executor:Executing jobs using 'parallel' executor
[7.162s] DEBUG:colcon.colcon_parallel_executor.executor.parallel:run_until_complete
[7.163s] INFO:colcon.colcon_ros.task.ament_python.build:Building ROS package in '/home/pi/Desktop/eurobot_2024/ros2_ws/src/tank' with build type 'ament_python'
[7.164s] Level 1:colcon.colcon_core.shell:create_environment_hook('tank', 'ament_prefix_path')
[7.253s] INFO:colcon.colcon_core.plugin_system:Skipping extension 'colcon_core.shell.bat': Not used on non-Windows systems
[7.254s] INFO:colcon.colcon_core.shell:Creating environment hook '/home/pi/Desktop/eurobot_2024/ros2_ws/install/tank/share/tank/hook/ament_prefix_path.ps1'
[7.258s] INFO:colcon.colcon_core.shell:Creating environment descriptor '/home/pi/Desktop/eurobot_2024/ros2_ws/install/tank/share/tank/hook/ament_prefix_path.dsv'
[7.261s] INFO:colcon.colcon_core.shell:Creating environment hook '/home/pi/Desktop/eurobot_2024/ros2_ws/install/tank/share/tank/hook/ament_prefix_path.sh'
[7.333s] INFO:colcon.colcon_core.shell:Skip shell extension 'powershell' for command environment: Not usable outside of PowerShell
[7.333s] DEBUG:colcon.colcon_core.shell:Skip shell extension 'dsv' for command environment
[8.846s] INFO:colcon.colcon_core.task.python.build:Building Python package in '/home/pi/Desktop/eurobot_2024/ros2_ws/src/tank'
[8.914s] INFO:colcon.colcon_core.shell:Skip shell extension 'powershell' for command environment: Not usable outside of PowerShell
[8.914s] DEBUG:colcon.colcon_core.shell:Skip shell extension 'dsv' for command environment
[10.866s] DEBUG:colcon.colcon_core.event_handler.log_command:Invoking command in '/home/pi/Desktop/eurobot_2024/ros2_ws/src/tank': PYTHONPATH=/home/pi/Desktop/eurobot_2024/ros2_ws/build/tank/prefix_override:/home/pi/Desktop/eurobot_2024/ros2_ws/install/tank/lib/python3.10/site-packages:${PYTHONPATH} /usr/bin/python3 setup.py egg_info --egg-base ../../build/tank build --build-base /home/pi/Desktop/eurobot_2024/ros2_ws/build/tank/build install --record /home/pi/Desktop/eurobot_2024/ros2_ws/build/tank/install.log --single-version-externally-managed
[12.326s] DEBUG:colcon.colcon_core.event_handler.log_command:Invoked command in '/home/pi/Desktop/eurobot_2024/ros2_ws/src/tank' returned '0': PYTHONPATH=/home/pi/Desktop/eurobot_2024/ros2_ws/build/tank/prefix_override:/home/pi/Desktop/eurobot_2024/ros2_ws/install/tank/lib/python3.10/site-packages:${PYTHONPATH} /usr/bin/python3 setup.py egg_info --egg-base ../../build/tank build --build-base /home/pi/Desktop/eurobot_2024/ros2_ws/build/tank/build install --record /home/pi/Desktop/eurobot_2024/ros2_ws/build/tank/install.log --single-version-externally-managed
[12.420s] Level 1:colcon.colcon_core.environment:checking '/home/pi/Desktop/eurobot_2024/ros2_ws/install/tank' for CMake module files
[12.422s] Level 1:colcon.colcon_core.environment:checking '/home/pi/Desktop/eurobot_2024/ros2_ws/install/tank' for CMake config files
[12.426s] Level 1:colcon.colcon_core.environment:checking '/home/pi/Desktop/eurobot_2024/ros2_ws/install/tank/lib'
[12.426s] Level 1:colcon.colcon_core.environment:checking '/home/pi/Desktop/eurobot_2024/ros2_ws/install/tank/bin'
[12.427s] Level 1:colcon.colcon_core.environment:checking '/home/pi/Desktop/eurobot_2024/ros2_ws/install/tank/lib/pkgconfig/tank.pc'
[12.428s] Level 1:colcon.colcon_core.environment:checking '/home/pi/Desktop/eurobot_2024/ros2_ws/install/tank/lib/python3.10/site-packages'
[12.428s] Level 1:colcon.colcon_core.shell:create_environment_hook('tank', 'pythonpath')
[12.493s] INFO:colcon.colcon_core.shell:Creating environment hook '/home/pi/Desktop/eurobot_2024/ros2_ws/install/tank/share/tank/hook/pythonpath.ps1'
[12.495s] INFO:colcon.colcon_core.shell:Creating environment descriptor '/home/pi/Desktop/eurobot_2024/ros2_ws/install/tank/share/tank/hook/pythonpath.dsv'
[12.497s] INFO:colcon.colcon_core.shell:Creating environment hook '/home/pi/Desktop/eurobot_2024/ros2_ws/install/tank/share/tank/hook/pythonpath.sh'
[12.499s] Level 1:colcon.colcon_core.environment:checking '/home/pi/Desktop/eurobot_2024/ros2_ws/install/tank/bin'
[12.500s] Level 1:colcon.colcon_core.environment:create_environment_scripts_only(tank)
[12.568s] INFO:colcon.colcon_core.shell:Creating package script '/home/pi/Desktop/eurobot_2024/ros2_ws/install/tank/share/tank/package.ps1'
[12.572s] INFO:colcon.colcon_core.shell:Creating package descriptor '/home/pi/Desktop/eurobot_2024/ros2_ws/install/tank/share/tank/package.dsv'
[12.576s] INFO:colcon.colcon_core.shell:Creating package script '/home/pi/Desktop/eurobot_2024/ros2_ws/install/tank/share/tank/package.sh'
[12.580s] INFO:colcon.colcon_core.shell:Creating package script '/home/pi/Desktop/eurobot_2024/ros2_ws/install/tank/share/tank/package.bash'
[12.585s] INFO:colcon.colcon_core.shell:Creating package script '/home/pi/Desktop/eurobot_2024/ros2_ws/install/tank/share/tank/package.zsh'
[12.589s] Level 1:colcon.colcon_core.environment:create_file_with_runtime_dependencies(/home/pi/Desktop/eurobot_2024/ros2_ws/install/tank/share/colcon-core/packages/tank)
[12.591s] DEBUG:colcon.colcon_parallel_executor.executor.parallel:closing loop
[12.592s] DEBUG:colcon.colcon_parallel_executor.executor.parallel:loop closed
[12.592s] DEBUG:colcon.colcon_parallel_executor.executor.parallel:run_until_complete finished with '0'
[12.593s] DEBUG:colcon.colcon_core.event_reactor:joining thread
[12.694s] INFO:colcon.colcon_core.plugin_system:Skipping extension 'colcon_notification.desktop_notification.terminal_notifier': Not used on non-Darwin systems
[12.695s] INFO:colcon.colcon_core.plugin_system:Skipping extension 'colcon_notification.desktop_notification.win32': Not used on non-Windows systems
[12.695s] INFO:colcon.colcon_notification.desktop_notification:Sending desktop notification using 'notify2'
[12.700s] DEBUG:colcon.colcon_notification.desktop_notification.notify2:Failed to initialize notify2: org.freedesktop.DBus.Error.ServiceUnknown: The name org.freedesktop.Notifications was not provided by any .service files
[12.700s] DEBUG:colcon.colcon_core.event_reactor:joined thread
[12.768s] INFO:colcon.colcon_core.shell:Creating prefix script '/home/pi/Desktop/eurobot_2024/ros2_ws/install/local_setup.ps1'
[12.772s] INFO:colcon.colcon_core.shell:Creating prefix util module '/home/pi/Desktop/eurobot_2024/ros2_ws/install/_local_setup_util_ps1.py'
[12.779s] INFO:colcon.colcon_core.shell:Creating prefix chain script '/home/pi/Desktop/eurobot_2024/ros2_ws/install/setup.ps1'
[12.887s] INFO:colcon.colcon_core.shell:Creating prefix script '/home/pi/Desktop/eurobot_2024/ros2_ws/install/local_setup.sh'
[12.890s] INFO:colcon.colcon_core.shell:Creating prefix util module '/home/pi/Desktop/eurobot_2024/ros2_ws/install/_local_setup_util_sh.py'
[12.893s] INFO:colcon.colcon_core.shell:Creating prefix chain script '/home/pi/Desktop/eurobot_2024/ros2_ws/install/setup.sh'
[12.963s] INFO:colcon.colcon_core.shell:Creating prefix script '/home/pi/Desktop/eurobot_2024/ros2_ws/install/local_setup.bash'
[12.966s] INFO:colcon.colcon_core.shell:Creating prefix chain script '/home/pi/Desktop/eurobot_2024/ros2_ws/install/setup.bash'
[13.035s] INFO:colcon.colcon_core.shell:Creating prefix script '/home/pi/Desktop/eurobot_2024/ros2_ws/install/local_setup.zsh'
[13.039s] INFO:colcon.colcon_core.shell:Creating prefix chain script '/home/pi/Desktop/eurobot_2024/ros2_ws/install/setup.zsh'
