[3.700s] Invoking command in '/home/pi/Desktop/eurobot_2024/ros2_ws/src/tank': PYTHONPATH=/home/pi/Desktop/eurobot_2024/ros2_ws/build/tank/prefix_override:/home/pi/Desktop/eurobot_2024/ros2_ws/install/tank/lib/python3.10/site-packages:${PYTHONPATH} /usr/bin/python3 setup.py egg_info --egg-base ../../build/tank build --build-base /home/pi/Desktop/eurobot_2024/ros2_ws/build/tank/build install --record /home/pi/Desktop/eurobot_2024/ros2_ws/build/tank/install.log --single-version-externally-managed
[4.907s] running egg_info
[4.911s] writing ../../build/tank/tank.egg-info/PKG-INFO
[4.915s] writing dependency_links to ../../build/tank/tank.egg-info/dependency_links.txt
[4.916s] writing entry points to ../../build/tank/tank.egg-info/entry_points.txt
[4.917s] writing requirements to ../../build/tank/tank.egg-info/requires.txt
[4.918s] writing top-level names to ../../build/tank/tank.egg-info/top_level.txt
[4.925s] reading manifest file '../../build/tank/tank.egg-info/SOURCES.txt'
[4.929s] writing manifest file '../../build/tank/tank.egg-info/SOURCES.txt'
[4.930s] running build
[4.930s] running build_py
[4.933s] running install
[4.934s] running install_lib
[4.941s] running install_data
[4.944s] running install_egg_info
[4.952s] removing '/home/pi/Desktop/eurobot_2024/ros2_ws/install/tank/lib/python3.10/site-packages/tank-0.0.0-py3.10.egg-info' (and everything under it)
[4.954s] Copying ../../build/tank/tank.egg-info to /home/pi/Desktop/eurobot_2024/ros2_ws/install/tank/lib/python3.10/site-packages/tank-0.0.0-py3.10.egg-info
[4.960s] running install_scripts
[5.033s] writing list of installed files to '/home/pi/Desktop/eurobot_2024/ros2_ws/build/tank/install.log'
[5.162s] Invoked command in '/home/pi/Desktop/eurobot_2024/ros2_ws/src/tank' returned '0': PYTHONPATH=/home/pi/Desktop/eurobot_2024/ros2_ws/build/tank/prefix_override:/home/pi/Desktop/eurobot_2024/ros2_ws/install/tank/lib/python3.10/site-packages:${PYTHONPATH} /usr/bin/python3 setup.py egg_info --egg-base ../../build/tank build --build-base /home/pi/Desktop/eurobot_2024/ros2_ws/build/tank/build install --record /home/pi/Desktop/eurobot_2024/ros2_ws/build/tank/install.log --single-version-externally-managed
