running egg_info
creating ../../build/tank/tank.egg-info
writing ../../build/tank/tank.egg-info/PKG-INFO
writing dependency_links to ../../build/tank/tank.egg-info/dependency_links.txt
writing entry points to ../../build/tank/tank.egg-info/entry_points.txt
writing requirements to ../../build/tank/tank.egg-info/requires.txt
writing top-level names to ../../build/tank/tank.egg-info/top_level.txt
writing manifest file '../../build/tank/tank.egg-info/SOURCES.txt'
reading manifest file '../../build/tank/tank.egg-info/SOURCES.txt'
writing manifest file '../../build/tank/tank.egg-info/SOURCES.txt'
running build
running build_py
creating /home/pi/Desktop/eurobot_2024/ros2_ws/build/tank/build
creating /home/pi/Desktop/eurobot_2024/ros2_ws/build/tank/build/lib
creating /home/pi/Desktop/eurobot_2024/ros2_ws/build/tank/build/lib/tank
copying tank/__init__.py -> /home/pi/Desktop/eurobot_2024/ros2_ws/build/tank/build/lib/tank
running install
running install_lib
creating /home/pi/Desktop/eurobot_2024/ros2_ws/install/tank/lib/python3.10/site-packages/tank
copying /home/pi/Desktop/eurobot_2024/ros2_ws/build/tank/build/lib/tank/__init__.py -> /home/pi/Desktop/eurobot_2024/ros2_ws/install/tank/lib/python3.10/site-packages/tank
byte-compiling /home/pi/Desktop/eurobot_2024/ros2_ws/install/tank/lib/python3.10/site-packages/tank/__init__.py to __init__.cpython-310.pyc
running install_data
creating /home/pi/Desktop/eurobot_2024/ros2_ws/install/tank/share/ament_index
creating /home/pi/Desktop/eurobot_2024/ros2_ws/install/tank/share/ament_index/resource_index
creating /home/pi/Desktop/eurobot_2024/ros2_ws/install/tank/share/ament_index/resource_index/packages
copying resource/tank -> /home/pi/Desktop/eurobot_2024/ros2_ws/install/tank/share/ament_index/resource_index/packages
copying package.xml -> /home/pi/Desktop/eurobot_2024/ros2_ws/install/tank/share/tank
running install_egg_info
Copying ../../build/tank/tank.egg-info to /home/pi/Desktop/eurobot_2024/ros2_ws/install/tank/lib/python3.10/site-packages/tank-0.0.0-py3.10.egg-info
running install_scripts
writing list of installed files to '/home/pi/Desktop/eurobot_2024/ros2_ws/build/tank/install.log'
